<?xml version="1.0" encoding="UTF-8"?>
<testsuite xmlns:xsi="http://www.w3.org/2001/XMLSchema-instance" xsi:noNamespaceSchemaLocation="https://maven.apache.org/surefire/maven-surefire-plugin/xsd/surefire-test-report.xsd" name="com.ecspace.business.resourceCenter.administrator.service.ResourceServiceTest" time="0.165" tests="4" errors="1" skipped="0" failures="0">
  <properties>
[...]
</properties>
  <testcase name="listByCatalogResLink" classname="com.ecspace.business.resourceCenter.administrator.service.ResourceServiceTest" time="0.002"/>
  <testcase name="deleteBatch" classname="com.ecspace.business.resourceCenter.administrator.service.ResourceServiceTest" time="0"/>
  <testcase name="list" classname="com.ecspace.business.resourceCenter.administrator.service.ResourceServiceTest" time="0.01">
    <error type="java.lang.NullPointerException">java.lang.NullPointerException
	at com.ecspace.business.resourceCenter.administrator.service.ResourceServiceTest.list(ResourceServiceTest.java:21)
</error>
  </testcase>
  <testcase name="listByCatalogResLinkTotal" classname="com.ecspace.business.resourceCenter.administrator.service.ResourceServiceTest" time="0"/>
</testsuite>